{"C:\\Users\\berre\\projects\\המכללה למנהל 2025\\dev_web_course_2026\\dev_web_course_Backend\\src\\index.ts": {"path":"C:\\Users\\berre\\projects\\המכללה למנהל 2025\\dev_web_course_2026\\dev_web_course_Backend\\src\\index.ts","statementMap":{"0":{"start":{"line":1,"column":0},"end":{"line":1,"column":30}},"1":{"start":{"line":2,"column":0},"end":{"line":2,"column":32}},"2":{"start":{"line":3,"column":0},"end":{"line":3,"column":28}},"3":{"start":{"line":4,"column":0},"end":{"line":4,"column":48}},"4":{"start":{"line":5,"column":0},"end":{"line":5,"column":52}},"5":{"start":{"line":7,"column":12},"end":{"line":7,"column":21}},"6":{"start":{"line":8,"column":0},"end":{"line":8,"column":36}},"7":{"start":{"line":10,"column":0},"end":{"line":10,"column":24}},"8":{"start":{"line":11,"column":0},"end":{"line":11,"column":32}},"9":{"start":{"line":12,"column":0},"end":{"line":12,"column":36}},"10":{"start":{"line":13,"column":16},"end":{"line":32,"column":1}},"11":{"start":{"line":15,"column":20},"end":{"line":30,"column":6}},"12":{"start":{"line":16,"column":22},"end":{"line":16,"column":46}},"13":{"start":{"line":17,"column":8},"end":{"line":20,"column":9}},"14":{"start":{"line":18,"column":12},"end":{"line":18,"column":75}},"15":{"start":{"line":19,"column":12},"end":{"line":19,"column":19}},"16":{"start":{"line":21,"column":8},"end":{"line":25,"column":15}},"17":{"start":{"line":24,"column":16},"end":{"line":24,"column":29}},"18":{"start":{"line":26,"column":19},"end":{"line":26,"column":38}},"19":{"start":{"line":27,"column":8},"end":{"line":27,"column":56}},"20":{"start":{"line":27,"column":34},"end":{"line":27,"column":54}},"21":{"start":{"line":28,"column":8},"end":{"line":28,"column":68}},"22":{"start":{"line":28,"column":30},"end":{"line":28,"column":66}},"23":{"start":{"line":31,"column":4},"end":{"line":31,"column":19}},"24":{"start":{"line":34,"column":0},"end":{"line":34,"column":23}}},"fnMap":{"0":{"name":"(anonymous_1)","decl":{"start":{"line":13,"column":16},"end":{"line":13,"column":19}},"loc":{"start":{"line":13,"column":21},"end":{"line":32,"column":1}}},"1":{"name":"(anonymous_2)","decl":{"start":{"line":15,"column":49},"end":{"line":15,"column":50}},"loc":{"start":{"line":15,"column":69},"end":{"line":30,"column":5}}},"2":{"name":"(anonymous_3)","decl":{"start":{"line":23,"column":18},"end":{"line":23,"column":21}},"loc":{"start":{"line":23,"column":23},"end":{"line":25,"column":13}}},"3":{"name":"(anonymous_4)","decl":{"start":{"line":27,"column":23},"end":{"line":27,"column":24}},"loc":{"start":{"line":27,"column":34},"end":{"line":27,"column":54}}},"4":{"name":"(anonymous_5)","decl":{"start":{"line":28,"column":24},"end":{"line":28,"column":27}},"loc":{"start":{"line":28,"column":30},"end":{"line":28,"column":66}}}},"branchMap":{"0":{"loc":{"start":{"line":17,"column":8},"end":{"line":20,"column":9}},"type":"if","locations":[{"start":{"line":17,"column":8},"end":{"line":20,"column":9}},{"start":{},"end":{}}]}},"s":{"0":1,"1":1,"2":1,"3":1,"4":1,"5":1,"6":1,"7":1,"8":1,"9":1,"10":1,"11":2,"12":2,"13":2,"14":1,"15":1,"16":1,"17":1,"18":1,"19":1,"20":0,"21":1,"22":1,"23":2,"24":1},"f":{"0":2,"1":2,"2":1,"3":0,"4":1},"b":{"0":[1,1]}}
,"C:\\Users\\berre\\projects\\המכללה למנהל 2025\\dev_web_course_2026\\dev_web_course_Backend\\src\\Controllers\\baseController.ts": {"path":"C:\\Users\\berre\\projects\\המכללה למנהל 2025\\dev_web_course_2026\\dev_web_course_Backend\\src\\Controllers\\baseController.ts","statementMap":{"0":{"start":{"line":7,"column":15},"end":{"line":20,"column":2}},"1":{"start":{"line":7,"column":65},"end":{"line":20,"column":2}},"2":{"start":{"line":8,"column":4},"end":{"line":19,"column":5}},"3":{"start":{"line":10,"column":8},"end":{"line":13,"column":9}},"4":{"start":{"line":11,"column":31},"end":{"line":11,"column":58}},"5":{"start":{"line":12,"column":12},"end":{"line":12,"column":40}},"6":{"start":{"line":14,"column":21},"end":{"line":14,"column":39}},"7":{"start":{"line":15,"column":8},"end":{"line":15,"column":23}},"8":{"start":{"line":17,"column":8},"end":{"line":17,"column":27}},"9":{"start":{"line":18,"column":8},"end":{"line":18,"column":54}},"10":{"start":{"line":22,"column":16},"end":{"line":34,"column":2}},"11":{"start":{"line":22,"column":66},"end":{"line":34,"column":2}},"12":{"start":{"line":23,"column":15},"end":{"line":23,"column":28}},"13":{"start":{"line":24,"column":4},"end":{"line":33,"column":5}},"14":{"start":{"line":25,"column":21},"end":{"line":25,"column":45}},"15":{"start":{"line":26,"column":8},"end":{"line":28,"column":9}},"16":{"start":{"line":27,"column":12},"end":{"line":27,"column":71}},"17":{"start":{"line":29,"column":8},"end":{"line":29,"column":23}},"18":{"start":{"line":31,"column":8},"end":{"line":31,"column":27}},"19":{"start":{"line":32,"column":8},"end":{"line":32,"column":54}},"20":{"start":{"line":36,"column":15},"end":{"line":46,"column":2}},"21":{"start":{"line":36,"column":65},"end":{"line":46,"column":2}},"22":{"start":{"line":37,"column":22},"end":{"line":37,"column":30}},"23":{"start":{"line":38,"column":4},"end":{"line":38,"column":51}},"24":{"start":{"line":39,"column":4},"end":{"line":45,"column":5}},"25":{"start":{"line":40,"column":25},"end":{"line":40,"column":54}},"26":{"start":{"line":41,"column":8},"end":{"line":41,"column":39}},"27":{"start":{"line":43,"column":8},"end":{"line":43,"column":27}},"28":{"start":{"line":44,"column":8},"end":{"line":44,"column":52}},"29":{"start":{"line":48,"column":12},"end":{"line":58,"column":2}},"30":{"start":{"line":48,"column":62},"end":{"line":58,"column":2}},"31":{"start":{"line":49,"column":15},"end":{"line":49,"column":28}},"32":{"start":{"line":51,"column":4},"end":{"line":57,"column":5}},"33":{"start":{"line":52,"column":28},"end":{"line":52,"column":61}},"34":{"start":{"line":53,"column":8},"end":{"line":53,"column":81}},"35":{"start":{"line":55,"column":8},"end":{"line":55,"column":27}},"36":{"start":{"line":56,"column":8},"end":{"line":56,"column":52}},"37":{"start":{"line":60,"column":15},"end":{"line":75,"column":2}},"38":{"start":{"line":60,"column":65},"end":{"line":75,"column":2}},"39":{"start":{"line":61,"column":15},"end":{"line":61,"column":28}},"40":{"start":{"line":62,"column":24},"end":{"line":62,"column":32}},"41":{"start":{"line":64,"column":4},"end":{"line":74,"column":5}},"42":{"start":{"line":66,"column":21},"end":{"line":68,"column":10}},"43":{"start":{"line":69,"column":8},"end":{"line":69,"column":23}},"44":{"start":{"line":72,"column":8},"end":{"line":72,"column":27}},"45":{"start":{"line":73,"column":8},"end":{"line":73,"column":52}},"46":{"start":{"line":77,"column":0},"end":{"line":83,"column":2}}},"fnMap":{"0":{"name":"(anonymous_7)","decl":{"start":{"line":7,"column":15},"end":{"line":7,"column":22}},"loc":{"start":{"line":7,"column":65},"end":{"line":20,"column":2}}},"1":{"name":"(anonymous_8)","decl":{"start":{"line":7,"column":65},"end":{"line":7,"column":null}},"loc":{"start":{"line":7,"column":65},"end":{"line":20,"column":1}}},"2":{"name":"(anonymous_9)","decl":{"start":{"line":22,"column":16},"end":{"line":22,"column":23}},"loc":{"start":{"line":22,"column":66},"end":{"line":34,"column":2}}},"3":{"name":"(anonymous_10)","decl":{"start":{"line":22,"column":66},"end":{"line":22,"column":null}},"loc":{"start":{"line":22,"column":66},"end":{"line":34,"column":1}}},"4":{"name":"(anonymous_11)","decl":{"start":{"line":36,"column":15},"end":{"line":36,"column":22}},"loc":{"start":{"line":36,"column":65},"end":{"line":46,"column":2}}},"5":{"name":"(anonymous_12)","decl":{"start":{"line":36,"column":65},"end":{"line":36,"column":null}},"loc":{"start":{"line":36,"column":65},"end":{"line":46,"column":1}}},"6":{"name":"(anonymous_13)","decl":{"start":{"line":48,"column":12},"end":{"line":48,"column":19}},"loc":{"start":{"line":48,"column":62},"end":{"line":58,"column":2}}},"7":{"name":"(anonymous_14)","decl":{"start":{"line":48,"column":62},"end":{"line":48,"column":null}},"loc":{"start":{"line":48,"column":62},"end":{"line":58,"column":1}}},"8":{"name":"(anonymous_15)","decl":{"start":{"line":60,"column":15},"end":{"line":60,"column":22}},"loc":{"start":{"line":60,"column":65},"end":{"line":75,"column":2}}},"9":{"name":"(anonymous_16)","decl":{"start":{"line":60,"column":65},"end":{"line":60,"column":null}},"loc":{"start":{"line":60,"column":65},"end":{"line":75,"column":1}}}},"branchMap":{"0":{"loc":{"start":{"line":10,"column":8},"end":{"line":13,"column":9}},"type":"if","locations":[{"start":{"line":10,"column":8},"end":{"line":13,"column":9}},{"start":{},"end":{}}]},"1":{"loc":{"start":{"line":26,"column":8},"end":{"line":28,"column":9}},"type":"if","locations":[{"start":{"line":26,"column":8},"end":{"line":28,"column":9}},{"start":{},"end":{}}]},"2":{"loc":{"start":{"line":53,"column":36},"end":{"line":53,"column":54}},"type":"cond-expr","locations":[{"start":{"line":53,"column":47},"end":{"line":53,"column":49}},{"start":{"line":53,"column":36},"end":{"line":53,"column":54}}]},"3":{"loc":{"start":{"line":53,"column":36},"end":{"line":53,"column":49}},"type":"binary-expr","locations":[{"start":{"line":53,"column":36},"end":{"line":53,"column":49}},{"start":{"line":53,"column":36},"end":{"line":53,"column":49}}]}},"s":{"0":1,"1":3,"2":3,"3":3,"4":3,"5":3,"6":0,"7":0,"8":0,"9":0,"10":1,"11":3,"12":3,"13":3,"14":3,"15":2,"16":1,"17":1,"18":1,"19":1,"20":1,"21":3,"22":3,"23":3,"24":3,"25":3,"26":3,"27":0,"28":0,"29":1,"30":1,"31":1,"32":1,"33":1,"34":1,"35":0,"36":0,"37":1,"38":1,"39":1,"40":1,"41":1,"42":1,"43":1,"44":0,"45":0,"46":1},"f":{"0":3,"1":3,"2":3,"3":3,"4":3,"5":3,"6":1,"7":1,"8":1,"9":1},"b":{"0":[3,0],"1":[1,1],"2":[0,1],"3":[1,1]}}
,"C:\\Users\\berre\\projects\\המכללה למנהל 2025\\dev_web_course_2026\\dev_web_course_Backend\\src\\Controllers\\moviesController.ts": {"path":"C:\\Users\\berre\\projects\\המכללה למנהל 2025\\dev_web_course_2026\\dev_web_course_Backend\\src\\Controllers\\moviesController.ts","statementMap":{"0":{"start":{"line":1,"column":0},"end":{"line":1,"column":47}},"1":{"start":{"line":3,"column":0},"end":{"line":3,"column":46}},"2":{"start":{"line":6,"column":21},"end":{"line":8,"column":null}},"3":{"start":{"line":6,"column":59},"end":{"line":8,"column":null}},"4":{"start":{"line":7,"column":4},"end":{"line":7,"column":48}},"5":{"start":{"line":10,"column":21},"end":{"line":12,"column":null}},"6":{"start":{"line":10,"column":59},"end":{"line":12,"column":null}},"7":{"start":{"line":11,"column":4},"end":{"line":11,"column":49}},"8":{"start":{"line":14,"column":20},"end":{"line":16,"column":null}},"9":{"start":{"line":14,"column":58},"end":{"line":16,"column":null}},"10":{"start":{"line":15,"column":4},"end":{"line":15,"column":48}},"11":{"start":{"line":18,"column":20},"end":{"line":20,"column":null}},"12":{"start":{"line":18,"column":58},"end":{"line":20,"column":null}},"13":{"start":{"line":19,"column":4},"end":{"line":19,"column":45}},"14":{"start":{"line":22,"column":20},"end":{"line":24,"column":null}},"15":{"start":{"line":22,"column":58},"end":{"line":24,"column":null}},"16":{"start":{"line":23,"column":4},"end":{"line":23,"column":48}},"17":{"start":{"line":26,"column":0},"end":{"line":32,"column":2}}},"fnMap":{"0":{"name":"(anonymous_8)","decl":{"start":{"line":6,"column":21},"end":{"line":6,"column":28}},"loc":{"start":{"line":6,"column":59},"end":{"line":8,"column":null}}},"1":{"name":"(anonymous_9)","decl":{"start":{"line":6,"column":59},"end":{"line":6,"column":null}},"loc":{"start":{"line":6,"column":59},"end":{"line":8,"column":1}}},"2":{"name":"(anonymous_10)","decl":{"start":{"line":10,"column":21},"end":{"line":10,"column":28}},"loc":{"start":{"line":10,"column":59},"end":{"line":12,"column":null}}},"3":{"name":"(anonymous_11)","decl":{"start":{"line":10,"column":59},"end":{"line":10,"column":null}},"loc":{"start":{"line":10,"column":59},"end":{"line":12,"column":1}}},"4":{"name":"(anonymous_12)","decl":{"start":{"line":14,"column":20},"end":{"line":14,"column":27}},"loc":{"start":{"line":14,"column":58},"end":{"line":16,"column":null}}},"5":{"name":"(anonymous_13)","decl":{"start":{"line":14,"column":58},"end":{"line":14,"column":null}},"loc":{"start":{"line":14,"column":58},"end":{"line":16,"column":1}}},"6":{"name":"(anonymous_14)","decl":{"start":{"line":18,"column":20},"end":{"line":18,"column":27}},"loc":{"start":{"line":18,"column":58},"end":{"line":20,"column":null}}},"7":{"name":"(anonymous_15)","decl":{"start":{"line":18,"column":58},"end":{"line":18,"column":null}},"loc":{"start":{"line":18,"column":58},"end":{"line":20,"column":1}}},"8":{"name":"(anonymous_16)","decl":{"start":{"line":22,"column":20},"end":{"line":22,"column":27}},"loc":{"start":{"line":22,"column":58},"end":{"line":24,"column":null}}},"9":{"name":"(anonymous_17)","decl":{"start":{"line":22,"column":58},"end":{"line":22,"column":null}},"loc":{"start":{"line":22,"column":58},"end":{"line":24,"column":1}}}},"branchMap":{},"s":{"0":1,"1":1,"2":1,"3":3,"4":3,"5":1,"6":3,"7":3,"8":1,"9":3,"10":3,"11":1,"12":1,"13":1,"14":1,"15":1,"16":1,"17":1},"f":{"0":3,"1":3,"2":3,"3":3,"4":3,"5":3,"6":1,"7":1,"8":1,"9":1},"b":{}}
,"C:\\Users\\berre\\projects\\המכללה למנהל 2025\\dev_web_course_2026\\dev_web_course_Backend\\src\\models\\moviesModel.ts": {"path":"C:\\Users\\berre\\projects\\המכללה למנהל 2025\\dev_web_course_2026\\dev_web_course_Backend\\src\\models\\moviesModel.ts","statementMap":{"0":{"start":{"line":1,"column":0},"end":{"line":1,"column":32}},"1":{"start":{"line":3,"column":20},"end":{"line":13,"column":2}},"2":{"start":{"line":15,"column":0},"end":{"line":15,"column":52}}},"fnMap":{},"branchMap":{},"s":{"0":1,"1":1,"2":1},"f":{},"b":{}}
,"C:\\Users\\berre\\projects\\המכללה למנהל 2025\\dev_web_course_2026\\dev_web_course_Backend\\src\\routes\\CommentsRoute.ts": {"path":"C:\\Users\\berre\\projects\\המכללה למנהל 2025\\dev_web_course_2026\\dev_web_course_Backend\\src\\routes\\CommentsRoute.ts","statementMap":{"0":{"start":{"line":1,"column":0},"end":{"line":1,"column":30}},"1":{"start":{"line":3,"column":15},"end":{"line":3,"column":31}},"2":{"start":{"line":17,"column":0},"end":{"line":17,"column":22}}},"fnMap":{},"branchMap":{},"s":{"0":1,"1":1,"2":1},"f":{},"b":{}}
,"C:\\Users\\berre\\projects\\המכללה למנהל 2025\\dev_web_course_2026\\dev_web_course_Backend\\src\\routes\\moviesRoute.ts": {"path":"C:\\Users\\berre\\projects\\המכללה למנהל 2025\\dev_web_course_2026\\dev_web_course_Backend\\src\\routes\\moviesRoute.ts","statementMap":{"0":{"start":{"line":1,"column":0},"end":{"line":1,"column":30}},"1":{"start":{"line":2,"column":0},"end":{"line":2,"column":63}},"2":{"start":{"line":4,"column":15},"end":{"line":4,"column":31}},"3":{"start":{"line":7,"column":0},"end":{"line":7,"column":47}},"4":{"start":{"line":8,"column":0},"end":{"line":8,"column":47}},"5":{"start":{"line":11,"column":0},"end":{"line":11,"column":50}},"6":{"start":{"line":12,"column":0},"end":{"line":12,"column":49}},"7":{"start":{"line":13,"column":0},"end":{"line":13,"column":52}},"8":{"start":{"line":15,"column":0},"end":{"line":15,"column":22}}},"fnMap":{},"branchMap":{},"s":{"0":1,"1":1,"2":1,"3":1,"4":1,"5":1,"6":1,"7":1,"8":1},"f":{},"b":{}}
}
