{"C:\\Users\\berre\\projects\\המכללה למנהל 2025\\dev_web_course_2026\\dev_web_course_Backend\\src\\index.ts": {"path":"C:\\Users\\berre\\projects\\המכללה למנהל 2025\\dev_web_course_2026\\dev_web_course_Backend\\src\\index.ts","statementMap":{"0":{"start":{"line":1,"column":0},"end":{"line":1,"column":30}},"1":{"start":{"line":2,"column":0},"end":{"line":2,"column":32}},"2":{"start":{"line":3,"column":0},"end":{"line":3,"column":28}},"3":{"start":{"line":4,"column":0},"end":{"line":4,"column":48}},"4":{"start":{"line":5,"column":0},"end":{"line":5,"column":52}},"5":{"start":{"line":7,"column":12},"end":{"line":7,"column":21}},"6":{"start":{"line":8,"column":0},"end":{"line":8,"column":36}},"7":{"start":{"line":10,"column":0},"end":{"line":10,"column":24}},"8":{"start":{"line":11,"column":0},"end":{"line":11,"column":32}},"9":{"start":{"line":12,"column":0},"end":{"line":12,"column":36}},"10":{"start":{"line":13,"column":16},"end":{"line":32,"column":1}},"11":{"start":{"line":15,"column":20},"end":{"line":30,"column":6}},"12":{"start":{"line":16,"column":22},"end":{"line":16,"column":46}},"13":{"start":{"line":17,"column":8},"end":{"line":20,"column":9}},"14":{"start":{"line":18,"column":12},"end":{"line":18,"column":75}},"15":{"start":{"line":19,"column":12},"end":{"line":19,"column":19}},"16":{"start":{"line":21,"column":8},"end":{"line":25,"column":15}},"17":{"start":{"line":24,"column":16},"end":{"line":24,"column":29}},"18":{"start":{"line":26,"column":19},"end":{"line":26,"column":38}},"19":{"start":{"line":27,"column":8},"end":{"line":27,"column":56}},"20":{"start":{"line":27,"column":34},"end":{"line":27,"column":54}},"21":{"start":{"line":28,"column":8},"end":{"line":28,"column":68}},"22":{"start":{"line":28,"column":30},"end":{"line":28,"column":66}},"23":{"start":{"line":31,"column":4},"end":{"line":31,"column":19}},"24":{"start":{"line":34,"column":0},"end":{"line":34,"column":23}}},"fnMap":{"0":{"name":"(anonymous_1)","decl":{"start":{"line":13,"column":16},"end":{"line":13,"column":19}},"loc":{"start":{"line":13,"column":21},"end":{"line":32,"column":1}}},"1":{"name":"(anonymous_2)","decl":{"start":{"line":15,"column":49},"end":{"line":15,"column":50}},"loc":{"start":{"line":15,"column":69},"end":{"line":30,"column":5}}},"2":{"name":"(anonymous_3)","decl":{"start":{"line":23,"column":18},"end":{"line":23,"column":21}},"loc":{"start":{"line":23,"column":23},"end":{"line":25,"column":13}}},"3":{"name":"(anonymous_4)","decl":{"start":{"line":27,"column":23},"end":{"line":27,"column":24}},"loc":{"start":{"line":27,"column":34},"end":{"line":27,"column":54}}},"4":{"name":"(anonymous_5)","decl":{"start":{"line":28,"column":24},"end":{"line":28,"column":27}},"loc":{"start":{"line":28,"column":30},"end":{"line":28,"column":66}}}},"branchMap":{"0":{"loc":{"start":{"line":17,"column":8},"end":{"line":20,"column":9}},"type":"if","locations":[{"start":{"line":17,"column":8},"end":{"line":20,"column":9}},{"start":{},"end":{}}]}},"s":{"0":1,"1":1,"2":1,"3":1,"4":1,"5":1,"6":1,"7":1,"8":1,"9":1,"10":1,"11":1,"12":1,"13":1,"14":0,"15":0,"16":1,"17":1,"18":1,"19":1,"20":0,"21":1,"22":1,"23":1,"24":1},"f":{"0":1,"1":1,"2":1,"3":0,"4":1},"b":{"0":[0,1]}}
,"C:\\Users\\berre\\projects\\המכללה למנהל 2025\\dev_web_course_2026\\dev_web_course_Backend\\src\\Controllers\\baseController.ts": {"path":"C:\\Users\\berre\\projects\\המכללה למנהל 2025\\dev_web_course_2026\\dev_web_course_Backend\\src\\Controllers\\baseController.ts","statementMap":{"0":{"start":{"line":3,"column":0},"end":{"line":3,"column":32}},"1":{"start":{"line":13,"column":8},"end":{"line":13,"column":27}},"2":{"start":{"line":20,"column":8},"end":{"line":31,"column":9}},"3":{"start":{"line":22,"column":12},"end":{"line":25,"column":13}},"4":{"start":{"line":23,"column":35},"end":{"line":23,"column":67}},"5":{"start":{"line":24,"column":16},"end":{"line":24,"column":44}},"6":{"start":{"line":26,"column":25},"end":{"line":26,"column":48}},"7":{"start":{"line":27,"column":12},"end":{"line":27,"column":27}},"8":{"start":{"line":29,"column":12},"end":{"line":29,"column":31}},"9":{"start":{"line":30,"column":12},"end":{"line":30,"column":58}},"10":{"start":{"line":35,"column":19},"end":{"line":35,"column":32}},"11":{"start":{"line":37,"column":8},"end":{"line":39,"column":9}},"12":{"start":{"line":38,"column":12},"end":{"line":38,"column":74}},"13":{"start":{"line":40,"column":8},"end":{"line":49,"column":9}},"14":{"start":{"line":41,"column":25},"end":{"line":41,"column":54}},"15":{"start":{"line":42,"column":12},"end":{"line":44,"column":13}},"16":{"start":{"line":43,"column":16},"end":{"line":43,"column":75}},"17":{"start":{"line":45,"column":12},"end":{"line":45,"column":27}},"18":{"start":{"line":47,"column":12},"end":{"line":47,"column":31}},"19":{"start":{"line":48,"column":12},"end":{"line":48,"column":71}},"20":{"start":{"line":53,"column":26},"end":{"line":53,"column":34}},"21":{"start":{"line":54,"column":8},"end":{"line":54,"column":55}},"22":{"start":{"line":55,"column":8},"end":{"line":61,"column":9}},"23":{"start":{"line":56,"column":29},"end":{"line":56,"column":63}},"24":{"start":{"line":57,"column":12},"end":{"line":57,"column":43}},"25":{"start":{"line":59,"column":12},"end":{"line":59,"column":31}},"26":{"start":{"line":60,"column":12},"end":{"line":60,"column":69}},"27":{"start":{"line":65,"column":19},"end":{"line":65,"column":32}},"28":{"start":{"line":67,"column":8},"end":{"line":73,"column":9}},"29":{"start":{"line":68,"column":32},"end":{"line":68,"column":70}},"30":{"start":{"line":69,"column":12},"end":{"line":69,"column":85}},"31":{"start":{"line":71,"column":12},"end":{"line":71,"column":31}},"32":{"start":{"line":72,"column":12},"end":{"line":72,"column":69}},"33":{"start":{"line":77,"column":19},"end":{"line":77,"column":32}},"34":{"start":{"line":78,"column":28},"end":{"line":78,"column":36}},"35":{"start":{"line":80,"column":8},"end":{"line":90,"column":9}},"36":{"start":{"line":82,"column":25},"end":{"line":84,"column":14}},"37":{"start":{"line":85,"column":12},"end":{"line":85,"column":27}},"38":{"start":{"line":88,"column":12},"end":{"line":88,"column":31}},"39":{"start":{"line":89,"column":12},"end":{"line":89,"column":69}},"40":{"start":{"line":94,"column":0},"end":{"line":94,"column":30}}},"fnMap":{"0":{"name":"(anonymous_8)","decl":{"start":{"line":12,"column":4},"end":{"line":12,"column":16}},"loc":{"start":{"line":12,"column":26},"end":{"line":14,"column":5}}},"1":{"name":"(anonymous_9)","decl":{"start":{"line":16,"column":10},"end":{"line":16,"column":16}},"loc":{"start":{"line":16,"column":44},"end":{"line":32,"column":6}}},"2":{"name":"(anonymous_11)","decl":{"start":{"line":34,"column":10},"end":{"line":34,"column":17}},"loc":{"start":{"line":34,"column":45},"end":{"line":50,"column":6}}},"3":{"name":"(anonymous_13)","decl":{"start":{"line":52,"column":10},"end":{"line":52,"column":16}},"loc":{"start":{"line":52,"column":44},"end":{"line":62,"column":6}}},"4":{"name":"(anonymous_15)","decl":{"start":{"line":64,"column":10},"end":{"line":64,"column":13}},"loc":{"start":{"line":64,"column":41},"end":{"line":74,"column":6}}},"5":{"name":"(anonymous_17)","decl":{"start":{"line":76,"column":10},"end":{"line":76,"column":16}},"loc":{"start":{"line":76,"column":44},"end":{"line":91,"column":6}}}},"branchMap":{"0":{"loc":{"start":{"line":22,"column":12},"end":{"line":25,"column":13}},"type":"if","locations":[{"start":{"line":22,"column":12},"end":{"line":25,"column":13}},{"start":{},"end":{}}]},"1":{"loc":{"start":{"line":37,"column":8},"end":{"line":39,"column":9}},"type":"if","locations":[{"start":{"line":37,"column":8},"end":{"line":39,"column":9}},{"start":{},"end":{}}]},"2":{"loc":{"start":{"line":42,"column":12},"end":{"line":44,"column":13}},"type":"if","locations":[{"start":{"line":42,"column":12},"end":{"line":44,"column":13}},{"start":{},"end":{}}]},"3":{"loc":{"start":{"line":69,"column":40},"end":{"line":69,"column":58}},"type":"cond-expr","locations":[{"start":{"line":69,"column":51},"end":{"line":69,"column":53}},{"start":{"line":69,"column":40},"end":{"line":69,"column":58}}]},"4":{"loc":{"start":{"line":69,"column":40},"end":{"line":69,"column":53}},"type":"binary-expr","locations":[{"start":{"line":69,"column":40},"end":{"line":69,"column":53}},{"start":{"line":69,"column":40},"end":{"line":69,"column":53}}]}},"s":{"0":1,"1":2,"2":0,"3":0,"4":0,"5":0,"6":0,"7":0,"8":0,"9":0,"10":0,"11":0,"12":0,"13":0,"14":0,"15":0,"16":0,"17":0,"18":0,"19":0,"20":0,"21":0,"22":0,"23":0,"24":0,"25":0,"26":0,"27":0,"28":0,"29":0,"30":0,"31":0,"32":0,"33":0,"34":0,"35":0,"36":0,"37":0,"38":0,"39":0,"40":1},"f":{"0":2,"1":0,"2":0,"3":0,"4":0,"5":0},"b":{"0":[0,0],"1":[0,0],"2":[0,0],"3":[0,0],"4":[0,0]}}
,"C:\\Users\\berre\\projects\\המכללה למנהל 2025\\dev_web_course_2026\\dev_web_course_Backend\\src\\Controllers\\commentsController.ts": {"path":"C:\\Users\\berre\\projects\\המכללה למנהל 2025\\dev_web_course_2026\\dev_web_course_Backend\\src\\Controllers\\commentsController.ts","statementMap":{"0":{"start":{"line":1,"column":0},"end":{"line":1,"column":52}},"1":{"start":{"line":2,"column":0},"end":{"line":2,"column":46}},"2":{"start":{"line":4,"column":27},"end":{"line":4,"column":60}},"3":{"start":{"line":6,"column":0},"end":{"line":6,"column":34}}},"fnMap":{},"branchMap":{},"s":{"0":1,"1":1,"2":1,"3":1},"f":{},"b":{}}
,"C:\\Users\\berre\\projects\\המכללה למנהל 2025\\dev_web_course_2026\\dev_web_course_Backend\\src\\Controllers\\moviesController.ts": {"path":"C:\\Users\\berre\\projects\\המכללה למנהל 2025\\dev_web_course_2026\\dev_web_course_Backend\\src\\Controllers\\moviesController.ts","statementMap":{"0":{"start":{"line":1,"column":0},"end":{"line":1,"column":47}},"1":{"start":{"line":2,"column":0},"end":{"line":2,"column":46}},"2":{"start":{"line":4,"column":25},"end":{"line":4,"column":55}},"3":{"start":{"line":6,"column":0},"end":{"line":6,"column":32}}},"fnMap":{},"branchMap":{},"s":{"0":1,"1":1,"2":1,"3":1},"f":{},"b":{}}
,"C:\\Users\\berre\\projects\\המכללה למנהל 2025\\dev_web_course_2026\\dev_web_course_Backend\\src\\models\\commentsModel.ts": {"path":"C:\\Users\\berre\\projects\\המכללה למנהל 2025\\dev_web_course_2026\\dev_web_course_Backend\\src\\models\\commentsModel.ts","statementMap":{"0":{"start":{"line":2,"column":0},"end":{"line":2,"column":32}},"1":{"start":{"line":4,"column":22},"end":{"line":18,"column":2}},"2":{"start":{"line":20,"column":0},"end":{"line":20,"column":56}}},"fnMap":{},"branchMap":{},"s":{"0":1,"1":1,"2":1},"f":{},"b":{}}
,"C:\\Users\\berre\\projects\\המכללה למנהל 2025\\dev_web_course_2026\\dev_web_course_Backend\\src\\models\\moviesModel.ts": {"path":"C:\\Users\\berre\\projects\\המכללה למנהל 2025\\dev_web_course_2026\\dev_web_course_Backend\\src\\models\\moviesModel.ts","statementMap":{"0":{"start":{"line":1,"column":0},"end":{"line":1,"column":32}},"1":{"start":{"line":3,"column":20},"end":{"line":13,"column":2}},"2":{"start":{"line":15,"column":0},"end":{"line":15,"column":52}}},"fnMap":{},"branchMap":{},"s":{"0":1,"1":1,"2":1},"f":{},"b":{}}
,"C:\\Users\\berre\\projects\\המכללה למנהל 2025\\dev_web_course_2026\\dev_web_course_Backend\\src\\routes\\CommentsRoute.ts": {"path":"C:\\Users\\berre\\projects\\המכללה למנהל 2025\\dev_web_course_2026\\dev_web_course_Backend\\src\\routes\\CommentsRoute.ts","statementMap":{"0":{"start":{"line":1,"column":0},"end":{"line":1,"column":30}},"1":{"start":{"line":2,"column":0},"end":{"line":2,"column":67}},"2":{"start":{"line":4,"column":15},"end":{"line":4,"column":31}},"3":{"start":{"line":8,"column":0},"end":{"line":8,"column":68}},"4":{"start":{"line":9,"column":0},"end":{"line":9,"column":69}},"5":{"start":{"line":12,"column":0},"end":{"line":12,"column":72}},"6":{"start":{"line":13,"column":0},"end":{"line":13,"column":71}},"7":{"start":{"line":14,"column":0},"end":{"line":14,"column":71}},"8":{"start":{"line":17,"column":0},"end":{"line":17,"column":22}}},"fnMap":{},"branchMap":{},"s":{"0":1,"1":1,"2":1,"3":1,"4":1,"5":1,"6":1,"7":1,"8":1},"f":{},"b":{}}
,"C:\\Users\\berre\\projects\\המכללה למנהל 2025\\dev_web_course_2026\\dev_web_course_Backend\\src\\routes\\moviesRoute.ts": {"path":"C:\\Users\\berre\\projects\\המכללה למנהל 2025\\dev_web_course_2026\\dev_web_course_Backend\\src\\routes\\moviesRoute.ts","statementMap":{"0":{"start":{"line":1,"column":0},"end":{"line":1,"column":30}},"1":{"start":{"line":2,"column":0},"end":{"line":2,"column":63}},"2":{"start":{"line":4,"column":15},"end":{"line":4,"column":31}},"3":{"start":{"line":7,"column":0},"end":{"line":7,"column":64}},"4":{"start":{"line":8,"column":0},"end":{"line":8,"column":65}},"5":{"start":{"line":11,"column":0},"end":{"line":11,"column":68}},"6":{"start":{"line":12,"column":0},"end":{"line":12,"column":67}},"7":{"start":{"line":13,"column":0},"end":{"line":13,"column":67}},"8":{"start":{"line":15,"column":0},"end":{"line":15,"column":22}}},"fnMap":{},"branchMap":{},"s":{"0":1,"1":1,"2":1,"3":1,"4":1,"5":1,"6":1,"7":1,"8":1},"f":{},"b":{}}
}
