TN:
SF:src\index.ts
FN:13,(anonymous_1)
FN:15,(anonymous_2)
FN:23,(anonymous_3)
FN:27,(anonymous_4)
FN:28,(anonymous_5)
FNF:5
FNH:4
FNDA:2,(anonymous_1)
FNDA:2,(anonymous_2)
FNDA:1,(anonymous_3)
FNDA:0,(anonymous_4)
FNDA:1,(anonymous_5)
DA:1,1
DA:2,1
DA:3,1
DA:4,1
DA:7,1
DA:8,1
DA:10,1
DA:11,1
DA:13,1
DA:15,2
DA:16,2
DA:17,2
DA:18,1
DA:19,1
DA:21,1
DA:24,1
DA:26,1
DA:27,1
DA:28,1
DA:31,2
DA:34,1
LF:21
LH:21
BRDA:17,0,0,1
BRDA:17,0,1,1
BRF:2
BRH:2
end_of_record
TN:
SF:src\Controllers\moviesControllers.ts
FN:4,(anonymous_8)
FN:4,(anonymous_9)
FN:19,(anonymous_10)
FN:19,(anonymous_11)
FN:33,(anonymous_12)
FN:33,(anonymous_13)
FN:45,(anonymous_14)
FN:45,(anonymous_15)
FN:57,(anonymous_16)
FN:57,(anonymous_17)
FNF:10
FNH:10
FNDA:3,(anonymous_8)
FNDA:3,(anonymous_9)
FNDA:3,(anonymous_10)
FNDA:3,(anonymous_11)
FNDA:3,(anonymous_12)
FNDA:3,(anonymous_13)
FNDA:1,(anonymous_14)
FNDA:1,(anonymous_15)
FNDA:1,(anonymous_16)
FNDA:1,(anonymous_17)
DA:1,1
DA:4,3
DA:5,3
DA:6,3
DA:7,3
DA:8,1
DA:9,1
DA:11,2
DA:12,2
DA:14,0
DA:15,0
DA:19,3
DA:20,3
DA:21,3
DA:22,3
DA:23,2
DA:24,1
DA:26,1
DA:28,1
DA:29,1
DA:33,3
DA:34,3
DA:35,3
DA:36,3
DA:37,3
DA:38,3
DA:40,0
DA:41,0
DA:45,1
DA:46,1
DA:48,1
DA:49,1
DA:50,1
DA:52,0
DA:53,0
DA:57,1
DA:58,1
DA:59,1
DA:61,1
DA:63,1
DA:66,1
DA:69,0
DA:70,0
DA:74,1
LF:44
LH:36
BRDA:7,0,0,1
BRDA:7,0,1,2
BRDA:23,1,0,1
BRDA:23,1,1,1
BRDA:50,2,0,0
BRDA:50,2,1,1
BRDA:50,3,0,1
BRDA:50,3,1,1
BRF:8
BRH:7
end_of_record
TN:
SF:src\models\moviesModel.ts
FNF:0
FNH:0
DA:1,1
DA:3,1
DA:15,1
LF:3
LH:3
BRF:0
BRH:0
end_of_record
TN:
SF:src\routes\moviesRoute.ts
FNF:0
FNH:0
DA:1,1
DA:2,1
DA:4,1
DA:7,1
DA:8,1
DA:11,1
DA:12,1
DA:13,1
DA:15,1
LF:9
LH:9
BRF:0
BRH:0
end_of_record
