TN:
SF:src\index.ts
FN:13,(anonymous_1)
FN:15,(anonymous_2)
FN:23,(anonymous_3)
FN:27,(anonymous_4)
FN:28,(anonymous_5)
FNF:5
FNH:4
FNDA:4,(anonymous_1)
FNDA:4,(anonymous_2)
FNDA:2,(anonymous_3)
FNDA:0,(anonymous_4)
FNDA:2,(anonymous_5)
DA:1,2
DA:2,2
DA:3,2
DA:4,2
DA:5,2
DA:7,2
DA:8,2
DA:10,2
DA:11,2
DA:12,2
DA:13,2
DA:15,4
DA:16,4
DA:17,4
DA:18,2
DA:19,2
DA:21,2
DA:24,2
DA:26,2
DA:27,2
DA:28,2
DA:31,4
DA:34,2
LF:23
LH:23
BRDA:17,0,0,2
BRDA:17,0,1,2
BRF:2
BRH:2
end_of_record
TN:
SF:src\Controllers\baseController.ts
FN:12,(anonymous_8)
FN:16,(anonymous_9)
FN:34,(anonymous_11)
FN:51,(anonymous_13)
FN:63,(anonymous_15)
FN:75,(anonymous_17)
FNF:6
FNH:6
FNDA:4,(anonymous_8)
FNDA:6,(anonymous_9)
FNDA:6,(anonymous_11)
FNDA:6,(anonymous_13)
FNDA:2,(anonymous_15)
FNDA:2,(anonymous_17)
DA:3,2
DA:13,4
DA:20,6
DA:22,6
DA:23,6
DA:24,6
DA:26,0
DA:27,0
DA:29,0
DA:30,0
DA:35,6
DA:36,6
DA:37,2
DA:39,4
DA:40,4
DA:41,4
DA:42,2
DA:44,2
DA:46,0
DA:47,0
DA:52,6
DA:53,6
DA:54,6
DA:55,6
DA:56,6
DA:58,0
DA:59,0
DA:64,2
DA:66,2
DA:67,2
DA:68,2
DA:70,0
DA:71,0
DA:76,2
DA:77,2
DA:79,2
DA:81,2
DA:84,2
DA:87,0
DA:88,0
DA:93,2
LF:41
LH:29
BRDA:22,0,0,6
BRDA:22,0,1,0
BRDA:36,1,0,2
BRDA:36,1,1,4
BRDA:41,2,0,2
BRDA:41,2,1,2
BRDA:68,3,0,0
BRDA:68,3,1,2
BRDA:68,4,0,2
BRDA:68,4,1,2
BRF:10
BRH:8
end_of_record
TN:
SF:src\Controllers\commentsController.ts
FNF:0
FNH:0
DA:1,2
DA:2,2
DA:4,2
DA:6,2
LF:4
LH:4
BRF:0
BRH:0
end_of_record
TN:
SF:src\Controllers\moviesController.ts
FNF:0
FNH:0
DA:1,2
DA:2,2
DA:4,2
DA:6,2
LF:4
LH:4
BRF:0
BRH:0
end_of_record
TN:
SF:src\models\commentsModel.ts
FNF:0
FNH:0
DA:2,2
DA:4,2
DA:20,2
LF:3
LH:3
BRF:0
BRH:0
end_of_record
TN:
SF:src\models\moviesModel.ts
FNF:0
FNH:0
DA:1,2
DA:3,2
DA:15,2
LF:3
LH:3
BRF:0
BRH:0
end_of_record
TN:
SF:src\routes\CommentsRoute.ts
FNF:0
FNH:0
DA:1,2
DA:2,2
DA:4,2
DA:8,2
DA:9,2
DA:12,2
DA:13,2
DA:14,2
DA:17,2
LF:9
LH:9
BRF:0
BRH:0
end_of_record
TN:
SF:src\routes\moviesRoute.ts
FNF:0
FNH:0
DA:1,2
DA:2,2
DA:4,2
DA:7,2
DA:8,2
DA:11,2
DA:12,2
DA:13,2
DA:15,2
LF:9
LH:9
BRF:0
BRH:0
end_of_record
